<?xml version="1.0" encoding="UTF-8"?>
<!-- Generated by org.testng.reporters.JUnitXMLReporter -->
<testsuite hostname="PINL28NQM13" ignored="0" name="Login Test" tests="5" failures="2" timestamp="2021-09-28T10:20:23 IST" time="30.348" errors="0">
  <testcase name="loginTest" time="4.342" classname="com.Banking.testCases.LoginTest"/>
  <testcase name="LoginDDT" time="6.652" classname="com.Banking.testCases.LoginDDT"/>
  <testcase name="LoginDDT" time="2.841" classname="com.Banking.testCases.LoginDDT">
    <failure type="java.lang.AssertionError" message="expected [true] but found [false]">
      <![CDATA[java.lang.AssertionError: expected [true] but found [false]
at com.Banking.testCases.LoginDDT.LoginDDT(LoginDDT.java:44)
at java.util.ArrayList.forEach(ArrayList.java:1249)
... Removed 35 stack frames]]>
    </failure>
  </testcase> <!-- LoginDDT -->
  <testcase name="LoginDDT" time="3.783" classname="com.Banking.testCases.LoginDDT"/>
  <testcase name="addNewCustomer" time="5.541" classname="com.Banking.testCases.HomePageTest">
    <failure type="java.lang.AssertionError" message="expected [true] but found [false]">
      <![CDATA[java.lang.AssertionError: expected [true] but found [false]
at com.Banking.testCases.HomePageTest.addNewCustomer(HomePageTest.java:65)
at java.util.ArrayList.forEach(ArrayList.java:1249)
... Removed 35 stack frames]]>
    </failure>
  </testcase> <!-- addNewCustomer -->
</testsuite> <!-- Login Test -->
